2025-09-20 22:47:08: 
2025-09-20 22:47:08: > cheap-studio@0.1.0 start
2025-09-20 22:47:08: > next start
2025-09-20 22:47:08: 
2025-09-20 22:47:08:    ▲ Next.js 15.5.3
2025-09-20 22:47:08:    - Local:        http://localhost:3000
2025-09-20 22:47:08:    - Network:      http://169.254.0.21:3000
2025-09-20 22:47:08: 
2025-09-20 22:47:08:  ✓ Starting...
2025-09-20 22:47:09:  ✓ Ready in 1075ms
2025-09-21 20:32:46: 
2025-09-21 20:32:46: > cheap-studio@0.1.0 start
2025-09-21 20:32:46: > next start
2025-09-21 20:32:46: 
2025-09-21 20:32:46:    ▲ Next.js 15.5.3
2025-09-21 20:32:46:    - Local:        http://localhost:3000
2025-09-21 20:32:46:    - Network:      http://169.254.0.21:3000
2025-09-21 20:32:46: 
2025-09-21 20:32:46:  ✓ Starting...
2025-09-21 20:32:47:  ✓ Ready in 1220ms
2025-09-21 20:45:05: 
2025-09-21 20:45:05: > cheap-studio@0.1.0 start
2025-09-21 20:45:05: > next start
2025-09-21 20:45:05: 
2025-09-21 20:45:05:    ▲ Next.js 15.5.3
2025-09-21 20:45:05:    - Local:        http://localhost:3000
2025-09-21 20:45:05:    - Network:      http://169.254.0.21:3000
2025-09-21 20:45:05: 
2025-09-21 20:45:05:  ✓ Starting...
2025-09-21 20:45:06:  ✓ Ready in 1289ms
2025-09-21 20:46:44: 
2025-09-21 20:46:44: > cheap-studio@0.1.0 start
2025-09-21 20:46:44: > next start
2025-09-21 20:46:44: 
2025-09-21 20:46:45:    ▲ Next.js 15.5.3
2025-09-21 20:46:45:    - Local:        http://localhost:3000
2025-09-21 20:46:45:    - Network:      http://169.254.0.21:3000
2025-09-21 20:46:45: 
2025-09-21 20:46:45:  ✓ Starting...
2025-09-21 20:46:45:  ✓ Ready in 1233ms
